This file contains any messages produced by compilers while
running configure, to aid debugging if configure makes a mistake.

It was created by pxargs configure 0.0.3-beta, which was
generated by GNU Autoconf 2.63.  Invocation command line was

  $ ./configure --prefix=/u/armichae/pr

## --------- ##
## Platform. ##
## --------- ##

hostname = bridge1
uname -m = x86_64
uname -r = 2.6.32.54-0.3.1.20120223-nasa
uname -s = Linux
uname -v = #1 SMP Fri Feb 24 00:06:41 UTC 2012

/usr/bin/uname -p = unknown
/bin/uname -X     = unknown

/bin/arch              = x86_64
/usr/bin/arch -k       = unknown
/usr/convex/getsysinfo = unknown
/usr/bin/hostinfo      = unknown
/bin/machine           = unknown
/usr/bin/oslevel       = unknown
/bin/universe          = unknown

PATH: /u/armichae/pr/bin
PATH: /nasa/sles11/valgrind/3.6.1/bin
PATH: /nasa/sgi/mpt/2.06a67/bin
PATH: /usr/local/bin
PATH: /usr/bin
PATH: /bin
PATH: /usr/X11R6/bin
PATH: /PBS/bin
PATH: /usr/sbin
PATH: /sbin
PATH: /opt/c3/bin
PATH: /opt/sgi/sbin
PATH: /opt/sgi/bin
PATH: /nasa/iobench/lustre/bin


## ----------- ##
## Core tests. ##
## ----------- ##

configure:1874: checking for a BSD-compatible install
configure:1942: result: /usr/bin/install -c
configure:1953: checking whether build environment is sane
configure:1996: result: yes
configure:2021: checking for a thread-safe mkdir -p
configure:2060: result: /bin/mkdir -p
configure:2073: checking for gawk
configure:2089: found /usr/bin/gawk
configure:2100: result: gawk
configure:2111: checking whether make sets $(MAKE)
configure:2133: result: yes
configure:2319: checking whether to enable maintainer-specific portions of Makefiles
configure:2328: result: no
configure:2349: checking for gawk
configure:2376: result: gawk
configure:2401: checking for a BSD-compatible install
configure:2469: result: /usr/bin/install -c
configure:2528: checking for gcc
configure:2544: found /usr/bin/gcc
configure:2555: result: gcc
configure:2787: checking for C compiler version
configure:2795: gcc --version >&5
gcc (SUSE Linux) 4.3.4 [gcc-4_3-branch revision 152973]
Copyright (C) 2008 Free Software Foundation, Inc.
This is free software; see the source for copying conditions.  There is NO
warranty; not even for MERCHANTABILITY or FITNESS FOR A PARTICULAR PURPOSE.

configure:2799: $? = 0
configure:2806: gcc -v >&5
Using built-in specs.
Target: x86_64-suse-linux
Configured with: ../configure --prefix=/usr --infodir=/usr/share/info --mandir=/usr/share/man --libdir=/usr/lib64 --libexecdir=/usr/lib64 --enable-languages=c,c++,objc,fortran,obj-c++,java,ada --enable-checking=release --with-gxx-include-dir=/usr/include/c++/4.3 --enable-ssp --disable-libssp --with-bugurl=http://bugs.opensuse.org/ --with-pkgversion='SUSE Linux' --disable-libgcj --disable-libmudflap --with-slibdir=/lib64 --with-system-zlib --enable-__cxa_atexit --enable-libstdcxx-allocator=new --disable-libstdcxx-pch --enable-version-specific-runtime-libs --program-suffix=-4.3 --enable-linux-futex --without-system-libunwind --with-cpu=generic --build=x86_64-suse-linux
Thread model: posix
gcc version 4.3.4 [gcc-4_3-branch revision 152973] (SUSE Linux) 
configure:2810: $? = 0
configure:2817: gcc -V >&5
gcc: '-V' option must have argument
configure:2821: $? = 1
configure:2844: checking for C compiler default output file name
configure:2866: gcc    conftest.c  >&5
configure:2870: $? = 0
configure:2908: result: a.out
configure:2927: checking whether the C compiler works
configure:2937: ./a.out
configure:2941: $? = 0
configure:2960: result: yes
configure:2967: checking whether we are cross compiling
configure:2969: result: no
configure:2972: checking for suffix of executables
configure:2979: gcc -o conftest    conftest.c  >&5
configure:2983: $? = 0
configure:3009: result: 
configure:3015: checking for suffix of object files
configure:3041: gcc -c   conftest.c >&5
configure:3045: $? = 0
configure:3070: result: o
configure:3074: checking whether we are using the GNU C compiler
configure:3103: gcc -c   conftest.c >&5
configure:3110: $? = 0
configure:3127: result: yes
configure:3136: checking whether gcc accepts -g
configure:3166: gcc -c -g  conftest.c >&5
configure:3173: $? = 0
configure:3274: result: yes
configure:3291: checking for gcc option to accept ISO C89
configure:3365: gcc  -c -g -O2  conftest.c >&5
configure:3372: $? = 0
configure:3395: result: none needed
configure:3424: checking for style of include used by make
configure:3452: result: GNU
configure:3477: checking dependency style of gcc
configure:3568: result: gcc3
configure:3588: checking for mpicc
configure:3606: found /nasa/sgi/mpt/2.06a67/bin/mpicc
configure:3618: result: /nasa/sgi/mpt/2.06a67/bin/mpicc
configure:3650: checking how to run the C preprocessor
configure:3690: /nasa/sgi/mpt/2.06a67/bin/mpicc -E  conftest.c
configure:3697: $? = 0
configure:3728: /nasa/sgi/mpt/2.06a67/bin/mpicc -E  conftest.c
conftest.c:10:28: error: ac_nonexistent.h: No such file or directory
configure:3735: $? = 1
configure: failed program was:
| /* confdefs.h.  */
| #define PACKAGE_NAME "pxargs"
| #define PACKAGE_TARNAME "pxargs"
| #define PACKAGE_VERSION "0.0.3-beta"
| #define PACKAGE_STRING "pxargs 0.0.3-beta"
| #define PACKAGE_BUGREPORT ""
| #define PACKAGE "pxargs"
| #define VERSION "0.0.3-beta"
| /* end confdefs.h.  */
| #include <ac_nonexistent.h>
configure:3768: result: /nasa/sgi/mpt/2.06a67/bin/mpicc -E
configure:3797: /nasa/sgi/mpt/2.06a67/bin/mpicc -E  conftest.c
configure:3804: $? = 0
configure:3835: /nasa/sgi/mpt/2.06a67/bin/mpicc -E  conftest.c
conftest.c:10:28: error: ac_nonexistent.h: No such file or directory
configure:3842: $? = 1
configure: failed program was:
| /* confdefs.h.  */
| #define PACKAGE_NAME "pxargs"
| #define PACKAGE_TARNAME "pxargs"
| #define PACKAGE_VERSION "0.0.3-beta"
| #define PACKAGE_STRING "pxargs 0.0.3-beta"
| #define PACKAGE_BUGREPORT ""
| #define PACKAGE "pxargs"
| #define VERSION "0.0.3-beta"
| /* end confdefs.h.  */
| #include <ac_nonexistent.h>
configure:3882: checking for grep that handles long lines and -e
configure:3942: result: /usr/bin/grep
configure:3947: checking for egrep
configure:4011: result: /usr/bin/grep -E
configure:4016: checking for ANSI C header files
configure:4046: /nasa/sgi/mpt/2.06a67/bin/mpicc -c -g -O2  conftest.c >&5
configure:4053: $? = 0
configure:4152: /nasa/sgi/mpt/2.06a67/bin/mpicc -o conftest -g -O2   conftest.c  >&5
configure:4156: $? = 0
configure:4162: ./conftest
configure:4166: $? = 0
configure:4184: result: yes
configure:4208: checking for sys/types.h
configure:4229: /nasa/sgi/mpt/2.06a67/bin/mpicc -c -g -O2  conftest.c >&5
configure:4236: $? = 0
configure:4253: result: yes
configure:4208: checking for sys/stat.h
configure:4229: /nasa/sgi/mpt/2.06a67/bin/mpicc -c -g -O2  conftest.c >&5
configure:4236: $? = 0
configure:4253: result: yes
configure:4208: checking for stdlib.h
configure:4229: /nasa/sgi/mpt/2.06a67/bin/mpicc -c -g -O2  conftest.c >&5
configure:4236: $? = 0
configure:4253: result: yes
configure:4208: checking for string.h
configure:4229: /nasa/sgi/mpt/2.06a67/bin/mpicc -c -g -O2  conftest.c >&5
configure:4236: $? = 0
configure:4253: result: yes
configure:4208: checking for memory.h
configure:4229: /nasa/sgi/mpt/2.06a67/bin/mpicc -c -g -O2  conftest.c >&5
configure:4236: $? = 0
configure:4253: result: yes
configure:4208: checking for strings.h
configure:4229: /nasa/sgi/mpt/2.06a67/bin/mpicc -c -g -O2  conftest.c >&5
configure:4236: $? = 0
configure:4253: result: yes
configure:4208: checking for inttypes.h
configure:4229: /nasa/sgi/mpt/2.06a67/bin/mpicc -c -g -O2  conftest.c >&5
configure:4236: $? = 0
configure:4253: result: yes
configure:4208: checking for stdint.h
configure:4229: /nasa/sgi/mpt/2.06a67/bin/mpicc -c -g -O2  conftest.c >&5
configure:4236: $? = 0
configure:4253: result: yes
configure:4208: checking for unistd.h
configure:4229: /nasa/sgi/mpt/2.06a67/bin/mpicc -c -g -O2  conftest.c >&5
configure:4236: $? = 0
configure:4253: result: yes
configure:4267: checking for size_t
configure:4295: /nasa/sgi/mpt/2.06a67/bin/mpicc -c -g -O2  conftest.c >&5
configure:4302: $? = 0
configure:4329: /nasa/sgi/mpt/2.06a67/bin/mpicc -c -g -O2  conftest.c >&5
conftest.c: In function 'main':
conftest.c:56: error: expected expression before ')' token
configure:4336: $? = 1
configure: failed program was:
| /* confdefs.h.  */
| #define PACKAGE_NAME "pxargs"
| #define PACKAGE_TARNAME "pxargs"
| #define PACKAGE_VERSION "0.0.3-beta"
| #define PACKAGE_STRING "pxargs 0.0.3-beta"
| #define PACKAGE_BUGREPORT ""
| #define PACKAGE "pxargs"
| #define VERSION "0.0.3-beta"
| #define STDC_HEADERS 1
| #define HAVE_SYS_TYPES_H 1
| #define HAVE_SYS_STAT_H 1
| #define HAVE_STDLIB_H 1
| #define HAVE_STRING_H 1
| #define HAVE_MEMORY_H 1
| #define HAVE_STRINGS_H 1
| #define HAVE_INTTYPES_H 1
| #define HAVE_STDINT_H 1
| #define HAVE_UNISTD_H 1
| /* end confdefs.h.  */
| #include <stdio.h>
| #ifdef HAVE_SYS_TYPES_H
| # include <sys/types.h>
| #endif
| #ifdef HAVE_SYS_STAT_H
| # include <sys/stat.h>
| #endif
| #ifdef STDC_HEADERS
| # include <stdlib.h>
| # include <stddef.h>
| #else
| # ifdef HAVE_STDLIB_H
| #  include <stdlib.h>
| # endif
| #endif
| #ifdef HAVE_STRING_H
| # if !defined STDC_HEADERS && defined HAVE_MEMORY_H
| #  include <memory.h>
| # endif
| # include <string.h>
| #endif
| #ifdef HAVE_STRINGS_H
| # include <strings.h>
| #endif
| #ifdef HAVE_INTTYPES_H
| # include <inttypes.h>
| #endif
| #ifdef HAVE_STDINT_H
| # include <stdint.h>
| #endif
| #ifdef HAVE_UNISTD_H
| # include <unistd.h>
| #endif
| int
| main ()
| {
| if (sizeof ((size_t)))
| 	  return 0;
|   ;
|   return 0;
| }
configure:4359: result: yes
configure:4375: checking size of double
configure:4680: /nasa/sgi/mpt/2.06a67/bin/mpicc -o conftest -g -O2   conftest.c  >&5
configure:4684: $? = 0
configure:4690: ./conftest
configure:4694: $? = 0
configure:4720: result: 8
configure:4734: checking size of float
configure:5039: /nasa/sgi/mpt/2.06a67/bin/mpicc -o conftest -g -O2   conftest.c  >&5
configure:5043: $? = 0
configure:5049: ./conftest
configure:5053: $? = 0
configure:5079: result: 4
configure:5093: checking size of short
configure:5398: /nasa/sgi/mpt/2.06a67/bin/mpicc -o conftest -g -O2   conftest.c  >&5
configure:5402: $? = 0
configure:5408: ./conftest
configure:5412: $? = 0
configure:5438: result: 2
configure:5452: checking size of int
configure:5757: /nasa/sgi/mpt/2.06a67/bin/mpicc -o conftest -g -O2   conftest.c  >&5
configure:5761: $? = 0
configure:5767: ./conftest
configure:5771: $? = 0
configure:5797: result: 4
configure:5811: checking size of char
configure:6116: /nasa/sgi/mpt/2.06a67/bin/mpicc -o conftest -g -O2   conftest.c  >&5
configure:6120: $? = 0
configure:6126: ./conftest
configure:6130: $? = 0
configure:6156: result: 1
configure:6170: checking size of long
configure:6475: /nasa/sgi/mpt/2.06a67/bin/mpicc -o conftest -g -O2   conftest.c  >&5
configure:6479: $? = 0
configure:6485: ./conftest
configure:6489: $? = 0
configure:6515: result: 8
configure:6529: checking size of long long
configure:6834: /nasa/sgi/mpt/2.06a67/bin/mpicc -o conftest -g -O2   conftest.c  >&5
configure:6838: $? = 0
configure:6844: ./conftest
configure:6848: $? = 0
configure:6874: result: 8
configure:6888: checking size of size_t
configure:7193: /nasa/sgi/mpt/2.06a67/bin/mpicc -o conftest -g -O2   conftest.c  >&5
configure:7197: $? = 0
configure:7203: ./conftest
configure:7207: $? = 0
configure:7233: result: 8
configure:7247: checking size of off_t
configure:7552: /nasa/sgi/mpt/2.06a67/bin/mpicc -o conftest -g -O2   conftest.c  >&5
configure:7556: $? = 0
configure:7562: ./conftest
configure:7566: $? = 0
configure:7592: result: 8
configure:7606: checking size of void*
configure:7911: /nasa/sgi/mpt/2.06a67/bin/mpicc -o conftest -g -O2   conftest.c  >&5
configure:7915: $? = 0
configure:7921: ./conftest
configure:7925: $? = 0
configure:7951: result: 8
configure:7963: checking whether byte ordering is bigendian
configure:7988: /nasa/sgi/mpt/2.06a67/bin/mpicc -c -g -O2  conftest.c >&5
conftest.c:31: error: expected '=', ',', ';', 'asm' or '__attribute__' before 'a'
configure:7995: $? = 1
configure: failed program was:
| /* confdefs.h.  */
| #define PACKAGE_NAME "pxargs"
| #define PACKAGE_TARNAME "pxargs"
| #define PACKAGE_VERSION "0.0.3-beta"
| #define PACKAGE_STRING "pxargs 0.0.3-beta"
| #define PACKAGE_BUGREPORT ""
| #define PACKAGE "pxargs"
| #define VERSION "0.0.3-beta"
| #define STDC_HEADERS 1
| #define HAVE_SYS_TYPES_H 1
| #define HAVE_SYS_STAT_H 1
| #define HAVE_STDLIB_H 1
| #define HAVE_STRING_H 1
| #define HAVE_MEMORY_H 1
| #define HAVE_STRINGS_H 1
| #define HAVE_INTTYPES_H 1
| #define HAVE_STDINT_H 1
| #define HAVE_UNISTD_H 1
| #define SIZEOF_DOUBLE 8
| #define SIZEOF_FLOAT 4
| #define SIZEOF_SHORT 2
| #define SIZEOF_INT 4
| #define SIZEOF_CHAR 1
| #define SIZEOF_LONG 8
| #define SIZEOF_LONG_LONG 8
| #define SIZEOF_SIZE_T 8
| #define SIZEOF_OFF_T 8
| #define SIZEOF_VOIDP 8
| /* end confdefs.h.  */
| #ifndef __APPLE_CC__
| 	       not a universal capable compiler
| 	     #endif
| 	     typedef int dummy;
| 
configure:8045: /nasa/sgi/mpt/2.06a67/bin/mpicc -c -g -O2  conftest.c >&5
configure:8052: $? = 0
configure:8084: /nasa/sgi/mpt/2.06a67/bin/mpicc -c -g -O2  conftest.c >&5
conftest.c: In function 'main':
conftest.c:37: error: 'not' undeclared (first use in this function)
conftest.c:37: error: (Each undeclared identifier is reported only once
conftest.c:37: error: for each function it appears in.)
conftest.c:37: error: expected ';' before 'big'
configure:8091: $? = 1
configure: failed program was:
| /* confdefs.h.  */
| #define PACKAGE_NAME "pxargs"
| #define PACKAGE_TARNAME "pxargs"
| #define PACKAGE_VERSION "0.0.3-beta"
| #define PACKAGE_STRING "pxargs 0.0.3-beta"
| #define PACKAGE_BUGREPORT ""
| #define PACKAGE "pxargs"
| #define VERSION "0.0.3-beta"
| #define STDC_HEADERS 1
| #define HAVE_SYS_TYPES_H 1
| #define HAVE_SYS_STAT_H 1
| #define HAVE_STDLIB_H 1
| #define HAVE_STRING_H 1
| #define HAVE_MEMORY_H 1
| #define HAVE_STRINGS_H 1
| #define HAVE_INTTYPES_H 1
| #define HAVE_STDINT_H 1
| #define HAVE_UNISTD_H 1
| #define SIZEOF_DOUBLE 8
| #define SIZEOF_FLOAT 4
| #define SIZEOF_SHORT 2
| #define SIZEOF_INT 4
| #define SIZEOF_CHAR 1
| #define SIZEOF_LONG 8
| #define SIZEOF_LONG_LONG 8
| #define SIZEOF_SIZE_T 8
| #define SIZEOF_OFF_T 8
| #define SIZEOF_VOIDP 8
| /* end confdefs.h.  */
| #include <sys/types.h>
| 		#include <sys/param.h>
| 
| int
| main ()
| {
| #if BYTE_ORDER != BIG_ENDIAN
| 		 not big endian
| 		#endif
| 
|   ;
|   return 0;
| }
configure:8343: result: no
configure:8386: checking limits.h usability
configure:8403: /nasa/sgi/mpt/2.06a67/bin/mpicc -c -g -O2  conftest.c >&5
configure:8410: $? = 0
configure:8424: result: yes
configure:8428: checking limits.h presence
configure:8443: /nasa/sgi/mpt/2.06a67/bin/mpicc -E  conftest.c
configure:8450: $? = 0
configure:8464: result: yes
configure:8492: checking for limits.h
configure:8501: result: yes
configure:8521: checking for unistd.h
configure:8528: result: yes
configure:8678: checking getopt.h usability
configure:8695: /nasa/sgi/mpt/2.06a67/bin/mpicc -c -g -O2  conftest.c >&5
configure:8702: $? = 0
configure:8716: result: yes
configure:8720: checking getopt.h presence
configure:8735: /nasa/sgi/mpt/2.06a67/bin/mpicc -E  conftest.c
configure:8742: $? = 0
configure:8756: result: yes
configure:8784: checking for getopt.h
configure:8793: result: yes
configure:8813: checking for sys/types.h
configure:8820: result: yes
configure:8970: checking sys/wait.h usability
configure:8987: /nasa/sgi/mpt/2.06a67/bin/mpicc -c -g -O2  conftest.c >&5
configure:8994: $? = 0
configure:9008: result: yes
configure:9012: checking sys/wait.h presence
configure:9027: /nasa/sgi/mpt/2.06a67/bin/mpicc -E  conftest.c
configure:9034: $? = 0
configure:9048: result: yes
configure:9076: checking for sys/wait.h
configure:9085: result: yes
configure:9116: checking signal.h usability
configure:9133: /nasa/sgi/mpt/2.06a67/bin/mpicc -c -g -O2  conftest.c >&5
configure:9140: $? = 0
configure:9154: result: yes
configure:9158: checking signal.h presence
configure:9173: /nasa/sgi/mpt/2.06a67/bin/mpicc -E  conftest.c
configure:9180: $? = 0
configure:9194: result: yes
configure:9222: checking for signal.h
configure:9231: result: yes
configure:9246: checking whether time.h and sys/time.h may both be included
configure:9276: /nasa/sgi/mpt/2.06a67/bin/mpicc -c -g -O2  conftest.c >&5
configure:9283: $? = 0
configure:9298: result: yes
configure:9314: checking for strftime
configure:9370: /nasa/sgi/mpt/2.06a67/bin/mpicc -o conftest -g -O2   conftest.c  >&5
conftest.c:60: warning: conflicting types for built-in function 'strftime'
configure:9377: $? = 0
configure:9399: result: yes
configure:9492: checking for getopt
configure:9548: /nasa/sgi/mpt/2.06a67/bin/mpicc -o conftest -g -O2   conftest.c  >&5
configure:9555: $? = 0
configure:9577: result: yes
configure:9492: checking for strncpy
configure:9548: /nasa/sgi/mpt/2.06a67/bin/mpicc -o conftest -g -O2   conftest.c  >&5
conftest.c:62: warning: conflicting types for built-in function 'strncpy'
configure:9555: $? = 0
configure:9577: result: yes
configure:9492: checking for strtok_r
configure:9548: /nasa/sgi/mpt/2.06a67/bin/mpicc -o conftest -g -O2   conftest.c  >&5
configure:9555: $? = 0
configure:9577: result: yes
configure:9594: checking for getopt_long
configure:9650: /nasa/sgi/mpt/2.06a67/bin/mpicc -o conftest -g -O2   conftest.c  >&5
configure:9657: $? = 0
configure:9679: result: yes
configure:9594: checking for getenv
configure:9650: /nasa/sgi/mpt/2.06a67/bin/mpicc -o conftest -g -O2   conftest.c  >&5
configure:9657: $? = 0
configure:9679: result: yes
configure:9695: checking for sigaction
configure:9751: /nasa/sgi/mpt/2.06a67/bin/mpicc -o conftest -g -O2   conftest.c  >&5
configure:9758: $? = 0
configure:9780: result: yes
configure:9796: checking for setpgid
configure:9852: /nasa/sgi/mpt/2.06a67/bin/mpicc -o conftest -g -O2   conftest.c  >&5
configure:9859: $? = 0
configure:9881: result: yes
configure:9897: checking for alarm
configure:9953: /nasa/sgi/mpt/2.06a67/bin/mpicc -o conftest -g -O2   conftest.c  >&5
configure:9960: $? = 0
configure:9982: result: yes
configure:9998: checking for _exit
configure:10054: /nasa/sgi/mpt/2.06a67/bin/mpicc -o conftest -g -O2   conftest.c  >&5
conftest.c:69: warning: conflicting types for built-in function '_exit'
configure:10061: $? = 0
configure:10083: result: yes
configure:10096: checking for inflate in -lz
configure:10131: /nasa/sgi/mpt/2.06a67/bin/mpicc -o conftest -g -O2   conftest.c -lz   >&5
configure:10138: $? = 0
configure:10159: result: yes
configure:10181: checking mpi.h usability
configure:10198: /nasa/sgi/mpt/2.06a67/bin/mpicc -c -g -O2  conftest.c >&5
configure:10205: $? = 0
configure:10219: result: yes
configure:10223: checking mpi.h presence
configure:10238: /nasa/sgi/mpt/2.06a67/bin/mpicc -E  conftest.c
configure:10245: $? = 0
configure:10259: result: yes
configure:10287: checking for mpi.h
configure:10294: result: yes
configure:10311: checking for MPI_Init in -lmpi
configure:10346: /nasa/sgi/mpt/2.06a67/bin/mpicc -o conftest -g -O2   conftest.c -lmpi  -lz  >&5
configure:10353: $? = 0
configure:10374: result: yes
configure:10521: creating ./config.status

## ---------------------- ##
## Running config.status. ##
## ---------------------- ##

This file was extended by pxargs config.status 0.0.3-beta, which was
generated by GNU Autoconf 2.63.  Invocation command line was

  CONFIG_FILES    = 
  CONFIG_HEADERS  = 
  CONFIG_LINKS    = 
  CONFIG_COMMANDS = 
  $ ./config.status 

on bridge1

config.status:805: creating src/Makefile
config.status:805: creating man/Makefile
config.status:805: creating Makefile
config.status:805: creating config.h
config.status:1027: config.h is unchanged
config.status:1079: executing depfiles commands

## ---------------- ##
## Cache variables. ##
## ---------------- ##

ac_cv_c_bigendian=no
ac_cv_c_compiler_gnu=yes
ac_cv_env_CC_set=
ac_cv_env_CC_value=
ac_cv_env_CFLAGS_set=
ac_cv_env_CFLAGS_value=
ac_cv_env_CPPFLAGS_set=
ac_cv_env_CPPFLAGS_value=
ac_cv_env_CPP_set=
ac_cv_env_CPP_value=
ac_cv_env_LDFLAGS_set=
ac_cv_env_LDFLAGS_value=
ac_cv_env_LIBS_set=
ac_cv_env_LIBS_value=
ac_cv_env_MPICC_PROG_set=
ac_cv_env_MPICC_PROG_value=
ac_cv_env_build_alias_set=
ac_cv_env_build_alias_value=
ac_cv_env_host_alias_set=
ac_cv_env_host_alias_value=
ac_cv_env_target_alias_set=
ac_cv_env_target_alias_value=
ac_cv_func__exit=yes
ac_cv_func_alarm=yes
ac_cv_func_getenv=yes
ac_cv_func_getopt=yes
ac_cv_func_getopt_long=yes
ac_cv_func_setpgid=yes
ac_cv_func_sigaction=yes
ac_cv_func_strftime=yes
ac_cv_func_strncpy=yes
ac_cv_func_strtok_r=yes
ac_cv_header_getopt_h=yes
ac_cv_header_inttypes_h=yes
ac_cv_header_limits_h=yes
ac_cv_header_memory_h=yes
ac_cv_header_mpi_h=yes
ac_cv_header_signal_h=yes
ac_cv_header_stdc=yes
ac_cv_header_stdint_h=yes
ac_cv_header_stdlib_h=yes
ac_cv_header_string_h=yes
ac_cv_header_strings_h=yes
ac_cv_header_sys_stat_h=yes
ac_cv_header_sys_types_h=yes
ac_cv_header_sys_wait_h=yes
ac_cv_header_time=yes
ac_cv_header_unistd_h=yes
ac_cv_lib_mpi_MPI_Init=yes
ac_cv_lib_z_inflate=yes
ac_cv_objext=o
ac_cv_path_EGREP='/usr/bin/grep -E'
ac_cv_path_GREP=/usr/bin/grep
ac_cv_path_MPICC_PROG=/nasa/sgi/mpt/2.06a67/bin/mpicc
ac_cv_path_install='/usr/bin/install -c'
ac_cv_path_mkdir=/bin/mkdir
ac_cv_prog_AWK=gawk
ac_cv_prog_CPP='/nasa/sgi/mpt/2.06a67/bin/mpicc -E'
ac_cv_prog_ac_ct_CC=gcc
ac_cv_prog_cc_c89=
ac_cv_prog_cc_g=yes
ac_cv_prog_make_make_set=yes
ac_cv_sizeof_char=1
ac_cv_sizeof_double=8
ac_cv_sizeof_float=4
ac_cv_sizeof_int=4
ac_cv_sizeof_long=8
ac_cv_sizeof_long_long=8
ac_cv_sizeof_off_t=8
ac_cv_sizeof_short=2
ac_cv_sizeof_size_t=8
ac_cv_sizeof_voidp=8
ac_cv_type_size_t=yes
am_cv_CC_dependencies_compiler_type=gcc3

## ----------------- ##
## Output variables. ##
## ----------------- ##

ACLOCAL='${SHELL} /u/armichae/pr/src/pxargs-0.0.3/missing --run aclocal-1.10'
AMDEPBACKSLASH='\'
AMDEP_FALSE='#'
AMDEP_TRUE=''
AMTAR='${SHELL} /u/armichae/pr/src/pxargs-0.0.3/missing --run tar'
AUTOCONF='${SHELL} /u/armichae/pr/src/pxargs-0.0.3/missing --run autoconf'
AUTOHEADER='${SHELL} /u/armichae/pr/src/pxargs-0.0.3/missing --run autoheader'
AUTOMAKE='${SHELL} /u/armichae/pr/src/pxargs-0.0.3/missing --run automake-1.10'
AWK='gawk'
CC='/nasa/sgi/mpt/2.06a67/bin/mpicc'
CCDEPMODE='depmode=gcc3'
CFLAGS='-g -O2'
CPP='/nasa/sgi/mpt/2.06a67/bin/mpicc -E'
CPPFLAGS=' -DDATADIR="\"$(datadir)\""'
CYGPATH_W='echo'
DEFS='-DHAVE_CONFIG_H'
DEPDIR='.deps'
ECHO_C=''
ECHO_N='-n'
ECHO_T=''
EGREP='/usr/bin/grep -E'
EXEEXT=''
GREP='/usr/bin/grep'
INSTALL_DATA='${INSTALL} -m 644'
INSTALL_PROGRAM='${INSTALL}'
INSTALL_SCRIPT='${INSTALL}'
INSTALL_STRIP_PROGRAM='$(install_sh) -c -s'
LDFLAGS=''
LIBOBJS=''
LIBS='-lmpi -lz '
LTLIBOBJS=''
MAINT='#'
MAINTAINER_MODE_FALSE=''
MAINTAINER_MODE_TRUE='#'
MAKEINFO='${SHELL} /u/armichae/pr/src/pxargs-0.0.3/missing --run makeinfo'
MKDIR_P='/bin/mkdir -p'
MPICC_PROG='/nasa/sgi/mpt/2.06a67/bin/mpicc'
OBJEXT='o'
PACKAGE='pxargs'
PACKAGE_BUGREPORT=''
PACKAGE_NAME='pxargs'
PACKAGE_STRING='pxargs 0.0.3-beta'
PACKAGE_TARNAME='pxargs'
PACKAGE_VERSION='0.0.3-beta'
PATH_SEPARATOR=':'
SET_MAKE=''
SHELL='/bin/sh'
STRIP=''
VERSION='0.0.3-beta'
ac_ct_CC='gcc'
am__fastdepCC_FALSE='#'
am__fastdepCC_TRUE=''
am__include='include'
am__isrc=''
am__leading_dot='.'
am__quote=''
am__tar='${AMTAR} chof - "$$tardir"'
am__untar='${AMTAR} xf -'
bindir='${exec_prefix}/bin'
build_alias=''
datadir='${datarootdir}'
datarootdir='${prefix}/share'
docdir='${datarootdir}/doc/${PACKAGE_TARNAME}'
dvidir='${docdir}'
exec_prefix='${prefix}'
host_alias=''
htmldir='${docdir}'
includedir='${prefix}/include'
infodir='${datarootdir}/info'
install_sh='$(SHELL) /u/armichae/pr/src/pxargs-0.0.3/install-sh'
libdir='${exec_prefix}/lib'
libexecdir='${exec_prefix}/libexec'
localedir='${datarootdir}/locale'
localstatedir='${prefix}/var'
mandir='${datarootdir}/man'
mkdir_p='/bin/mkdir -p'
oldincludedir='/usr/include'
pdfdir='${docdir}'
prefix='/u/armichae/pr'
program_transform_name='s,x,x,'
psdir='${docdir}'
sbindir='${exec_prefix}/sbin'
sharedstatedir='${prefix}/com'
sysconfdir='${prefix}/etc'
target_alias=''

## ----------- ##
## confdefs.h. ##
## ----------- ##

#define PACKAGE_NAME "pxargs"
#define PACKAGE_TARNAME "pxargs"
#define PACKAGE_VERSION "0.0.3-beta"
#define PACKAGE_STRING "pxargs 0.0.3-beta"
#define PACKAGE_BUGREPORT ""
#define PACKAGE "pxargs"
#define VERSION "0.0.3-beta"
#define STDC_HEADERS 1
#define HAVE_SYS_TYPES_H 1
#define HAVE_SYS_STAT_H 1
#define HAVE_STDLIB_H 1
#define HAVE_STRING_H 1
#define HAVE_MEMORY_H 1
#define HAVE_STRINGS_H 1
#define HAVE_INTTYPES_H 1
#define HAVE_STDINT_H 1
#define HAVE_UNISTD_H 1
#define SIZEOF_DOUBLE 8
#define SIZEOF_FLOAT 4
#define SIZEOF_SHORT 2
#define SIZEOF_INT 4
#define SIZEOF_CHAR 1
#define SIZEOF_LONG 8
#define SIZEOF_LONG_LONG 8
#define SIZEOF_SIZE_T 8
#define SIZEOF_OFF_T 8
#define SIZEOF_VOIDP 8
#define HAVE_LIMITS_H 1
#define HAVE_UNISTD_H 1
#define HAVE_GETOPT_H 1
#define HAVE_SYS_TYPES_H 1
#define HAVE_SYS_WAIT_H 1
#define HAVE_SIGNAL_H 1
#define TIME_WITH_SYS_TIME 1
#define HAVE_STRFTIME 1
#define HAVE_GETOPT 1
#define HAVE_STRNCPY 1
#define HAVE_STRTOK_R 1
#define HAVE_GETOPT_LONG 1
#define HAVE_GETENV 1
#define HAVE_SIGACTION 1
#define HAVE_SETPGID 1
#define HAVE_ALARM 1
#define HAVE__EXIT 1
#define HAVE_LIBZ 1
#define HAVE_LIBMPI 1
#define USER_PATH_MAX 2048

configure: exit 0
